  main2.cpp
c:\users\id student\desktop\shailen s\final project 1\sfml project1\main2.cpp(229): warning C4244: 'argument': conversion from 'time_t' to 'unsigned int', possible loss of data
c:\users\id student\desktop\shailen s\final project 1\sfml project1\main2.cpp(230): warning C4244: 'initializing': conversion from 'int' to 'float', possible loss of data
c:\users\id student\desktop\shailen s\final project 1\sfml project1\main2.cpp(231): warning C4244: 'initializing': conversion from 'int' to 'float', possible loss of data
c:\users\id student\desktop\shailen s\final project 1\sfml project1\main2.cpp(232): warning C4244: 'initializing': conversion from 'int' to 'float', possible loss of data
c:\users\id student\desktop\shailen s\final project 1\sfml project1\main2.cpp(233): warning C4244: 'initializing': conversion from 'int' to 'float', possible loss of data
c:\users\id student\desktop\shailen s\final project 1\sfml project1\main2.cpp(383): warning C4244: '=': conversion from 'double' to 'float', possible loss of data
c:\users\id student\desktop\shailen s\final project 1\sfml project1\main2.cpp(384): warning C4244: '=': conversion from 'double' to 'float', possible loss of data
c:\users\id student\desktop\shailen s\final project 1\sfml project1\main2.cpp(385): warning C4244: '=': conversion from 'int' to 'float', possible loss of data
c:\users\id student\desktop\shailen s\final project 1\sfml project1\main2.cpp(386): warning C4244: '=': conversion from 'int' to 'float', possible loss of data
c:\users\id student\desktop\shailen s\final project 1\sfml project1\main2.cpp(448): warning C4244: '-=': conversion from 'float' to 'int', possible loss of data
c:\users\id student\desktop\shailen s\final project 1\sfml project1\main2.cpp(453): warning C4244: '-=': conversion from 'float' to 'int', possible loss of data
c:\users\id student\desktop\shailen s\final project 1\sfml project1\main2.cpp(458): warning C4244: '-=': conversion from 'float' to 'int', possible loss of data
c:\users\id student\desktop\shailen s\final project 1\sfml project1\main2.cpp(463): warning C4244: '-=': conversion from 'float' to 'int', possible loss of data
c:\users\id student\desktop\shailen s\final project 1\sfml project1\main2.cpp(468): warning C4244: '-=': conversion from 'float' to 'int', possible loss of data
c:\users\id student\desktop\shailen s\final project 1\sfml project1\main2.cpp(474): warning C4244: '+=': conversion from 'float' to 'int', possible loss of data
c:\users\id student\desktop\shailen s\final project 1\sfml project1\main2.cpp(480): warning C4244: '+=': conversion from 'float' to 'int', possible loss of data
c:\users\id student\desktop\shailen s\final project 1\sfml project1\main2.cpp(521): warning C4244: '+=': conversion from 'float' to 'int', possible loss of data
  SFML Project1.vcxproj -> C:\Users\iD Student\Desktop\Shailen S\Final Project 1\x64\Debug\SFML Project1.exe
  SFML Project1.vcxproj -> C:\Users\iD Student\Desktop\Shailen S\Final Project 1\x64\Debug\SFML Project1.pdb (Full PDB)
